<?xml version="1.0" encoding="UTF-8"?>
<!-- Generated by org.testng.reporters.JUnitXMLReporter -->
<testsuite hostname="manipanjala-PC" ignored="0" name="Run On Chrome" tests="1" failures="0" timestamp="08 Apr 2020 11:22:04 GMT" time="76.384" errors="0">
  <testcase name="@BeforeClass launchBrowser" time="76.134" classname="firsttestngpackage.ParallelExecutionDemo">
    <failure type="org.openqa.selenium.WebDriverException" message="unknown error: DevToolsActivePort file doesn&amp;apos;t exist
Build info: version: &amp;apos;3.141.59&amp;apos;, revision: &amp;apos;e82be7d358&amp;apos;, time: &amp;apos;2018-11-14T08:25:48&amp;apos;
System info: host: &amp;apos;MANIPANJALA-PC&amp;apos;, ip: &amp;apos;192.168.43.104&amp;apos;, os.name: &amp;apos;Windows 7&amp;apos;, os.arch: &amp;apos;amd64&amp;apos;, os.version: &amp;apos;6.1&amp;apos;, java.version: &amp;apos;1.8.0_191&amp;apos;
Driver info: driver.version: ChromeDriver
remote stacktrace: Backtrace:
	Ordinal0 [0x00390AE3+1706723]
	Ordinal0 [0x002F68C1+1075393]
	Ordinal0 [0x0026DFA9+516009]
	Ordinal0 [0x001FFB81+64385]
	Ordinal0 [0x001FCC5B+52315]
	Ordinal0 [0x0021BFD7+180183]
	Ordinal0 [0x0021BDDD+179677]
	Ordinal0 [0x00219D4B+171339]
	Ordinal0 [0x00201D4A+73034]
	Ordinal0 [0x00202DC0+77248]
	Ordinal0 [0x00202D59+77145]
	Ordinal0 [0x0030BB37+1162039]
	GetHandleVerifier [0x0042A7C6+508998]
	GetHandleVerifier [0x0042A504+508292]
	GetHandleVerifier [0x0043F617+594583]
	GetHandleVerifier [0x0042B036+511158]
	Ordinal0 [0x00303FFC+1130492]
	Ordinal0 [0x0030D49B+1168539]
	Ordinal0 [0x0030D603+1168899]
	Ordinal0 [0x00325B05+1268485]
	BaseThreadInitThunk [0x756533CA+18]
	RtlInitializeExceptionChain [0x77879ED2+99]
	RtlInitializeExceptionChain [0x77879EA5+54]
">
      <![CDATA[org.openqa.selenium.WebDriverException: unknown error: DevToolsActivePort file doesn't exist
Build info: version: '3.141.59', revision: 'e82be7d358', time: '2018-11-14T08:25:48'
System info: host: 'MANIPANJALA-PC', ip: '192.168.43.104', os.name: 'Windows 7', os.arch: 'amd64', os.version: '6.1', java.version: '1.8.0_191'
Driver info: driver.version: ChromeDriver
remote stacktrace: Backtrace:
Ordinal0 [0x00390AE3+1706723]
Ordinal0 [0x002F68C1+1075393]
Ordinal0 [0x0026DFA9+516009]
Ordinal0 [0x001FFB81+64385]
Ordinal0 [0x001FCC5B+52315]
Ordinal0 [0x0021BFD7+180183]
Ordinal0 [0x0021BDDD+179677]
Ordinal0 [0x00219D4B+171339]
Ordinal0 [0x00201D4A+73034]
Ordinal0 [0x00202DC0+77248]
Ordinal0 [0x00202D59+77145]
Ordinal0 [0x0030BB37+1162039]
GetHandleVerifier [0x0042A7C6+508998]
GetHandleVerifier [0x0042A504+508292]
GetHandleVerifier [0x0043F617+594583]
GetHandleVerifier [0x0042B036+511158]
Ordinal0 [0x00303FFC+1130492]
Ordinal0 [0x0030D49B+1168539]
Ordinal0 [0x0030D603+1168899]
Ordinal0 [0x00325B05+1268485]
BaseThreadInitThunk [0x756533CA+18]
RtlInitializeExceptionChain [0x77879ED2+99]
RtlInitializeExceptionChain [0x77879EA5+54]

at org.openqa.selenium.remote.W3CHandshakeResponse.lambda$errorHandler$0(W3CHandshakeResponse.java:62)
at org.openqa.selenium.remote.HandshakeResponse.lambda$getResponseFunction$0(HandshakeResponse.java:30)
at org.openqa.selenium.remote.ProtocolHandshake.lambda$createSession$0(ProtocolHandshake.java:126)
at java.util.stream.ReferencePipeline$3$1.accept(Unknown Source)
at java.util.Spliterators$ArraySpliterator.tryAdvance(Unknown Source)
at java.util.stream.ReferencePipeline.forEachWithCancel(Unknown Source)
at java.util.stream.AbstractPipeline.copyIntoWithCancel(Unknown Source)
at java.util.stream.AbstractPipeline.copyInto(Unknown Source)
at java.util.stream.AbstractPipeline.wrapAndCopyInto(Unknown Source)
at java.util.stream.FindOps$FindOp.evaluateSequential(Unknown Source)
at java.util.stream.AbstractPipeline.evaluate(Unknown Source)
at java.util.stream.ReferencePipeline.findFirst(Unknown Source)
at org.openqa.selenium.remote.ProtocolHandshake.createSession(ProtocolHandshake.java:128)
at org.openqa.selenium.remote.ProtocolHandshake.createSession(ProtocolHandshake.java:74)
at org.openqa.selenium.remote.HttpCommandExecutor.execute(HttpCommandExecutor.java:136)
at org.openqa.selenium.remote.service.DriverCommandExecutor.execute(DriverCommandExecutor.java:83)
at org.openqa.selenium.remote.RemoteWebDriver.execute(RemoteWebDriver.java:552)
at org.openqa.selenium.remote.RemoteWebDriver.startSession(RemoteWebDriver.java:213)
at org.openqa.selenium.remote.RemoteWebDriver.<init>(RemoteWebDriver.java:131)
at org.openqa.selenium.chrome.ChromeDriver.<init>(ChromeDriver.java:181)
at org.openqa.selenium.chrome.ChromeDriver.<init>(ChromeDriver.java:168)
at org.openqa.selenium.chrome.ChromeDriver.<init>(ChromeDriver.java:123)
at firsttestngpackage.ParallelExecutionDemo.launchBrowser(ParallelExecutionDemo.java:22)
at java.util.concurrent.FutureTask.run(Unknown Source)
at java.util.concurrent.ThreadPoolExecutor.runWorker(Unknown Source)
at java.util.concurrent.ThreadPoolExecutor$Worker.run(Unknown Source)
at java.lang.Thread.run(Unknown Source)
... Removed 21 stack frames]]>
    </failure>
  </testcase> <!-- @BeforeClass launchBrowser -->
  <testcase name="loginFunction" time="0.0" classname="firsttestngpackage.ParallelExecutionDemo">
    <skipped/>
  </testcase> <!-- loginFunction -->
</testsuite> <!-- Run On Chrome -->
